<?xml version="1.0" encoding="UTF-8"?>
<coverage generated="1485850699">
  <project timestamp="1485850699">
    <package name="Phug">
      <file name="C:\Users\bastien.miclo\Perso\phug-php\parser\src\Phug/Parser.php">
        <class name="Parser" namespace="Phug">
          <metrics complexity="19" methods="7" coveredmethods="7" conditionals="0" coveredconditionals="0" statements="46" coveredstatements="46" elements="53" coveredelements="53"/>
        </class>
        <line num="126" type="method" name="__construct" visibility="public" complexity="4" crap="4" count="5"/>
        <line num="128" type="stmt" count="5"/>
        <line num="129" type="stmt" count="5"/>
        <line num="163" type="stmt" count="5"/>
        <line num="165" type="stmt" count="5"/>
        <line num="166" type="stmt" count="5"/>
        <line num="167" type="stmt" count="1"/>
        <line num="168" type="stmt" count="1"/>
        <line num="169" type="stmt" count="1"/>
        <line num="173" type="stmt" count="5"/>
        <line num="174" type="stmt" count="5"/>
        <line num="175" type="stmt" count="5"/>
        <line num="177" type="stmt" count="5"/>
        <line num="178" type="stmt" count="5"/>
        <line num="180" type="stmt" count="5"/>
        <line num="187" type="method" name="getLexer" visibility="public" complexity="1" crap="1" count="1"/>
        <line num="189" type="stmt" count="1"/>
        <line num="192" type="method" name="setTokenHandler" visibility="public" complexity="2" crap="2" count="5"/>
        <line num="194" type="stmt" count="5"/>
        <line num="195" type="stmt" count="1"/>
        <line num="196" type="stmt" count="1"/>
        <line num="200" type="stmt" count="5"/>
        <line num="202" type="stmt" count="5"/>
        <line num="220" type="method" name="parse" visibility="public" complexity="5" crap="5" count="3"/>
        <line num="222" type="stmt" count="3"/>
        <line num="223" type="stmt" count="3"/>
        <line num="224" type="stmt" count="1"/>
        <line num="225" type="stmt" count="1"/>
        <line num="229" type="stmt" count="2"/>
        <line num="231" type="stmt" count="2"/>
        <line num="233" type="stmt" count="2"/>
        <line num="239" type="stmt" count="2"/>
        <line num="240" type="stmt" count="2"/>
        <line num="241" type="stmt" count="2"/>
        <line num="244" type="stmt" count="2"/>
        <line num="248" type="method" name="anonymous function" complexity="1" crap="1" count="2"/>
        <line num="249" type="stmt" count="2"/>
        <line num="250" type="stmt" count="2"/>
        <line num="252" type="stmt" count="2"/>
        <line num="253" type="stmt" count="1"/>
        <line num="254" type="stmt" count="1"/>
        <line num="257" type="stmt" count="1"/>
        <line num="258" type="stmt" count="1"/>
        <line num="259" type="stmt" count="1"/>
        <line num="260" type="stmt" count="1"/>
        <line num="261" type="stmt" count="1"/>
        <line num="262" type="stmt" count="1"/>
        <line num="266" type="stmt" count="2"/>
        <line num="269" type="stmt" count="2"/>
        <line num="279" type="method" name="dump" visibility="public" complexity="1" crap="1" count="1"/>
        <line num="281" type="stmt" count="1"/>
        <line num="284" type="method" name="dumpNode" visibility="protected" complexity="5" crap="5" count="1"/>
        <line num="286" type="stmt" count="1"/>
        <line num="287" type="stmt" count="1"/>
        <line num="288" type="stmt" count="1"/>
        <line num="290" type="stmt" count="1"/>
        <line num="292" type="stmt" count="1"/>
        <line num="293" type="stmt" count="1"/>
        <line num="296" type="stmt" count="1"/>
        <line num="299" type="stmt" count="1"/>
        <line num="300" type="stmt" count="1"/>
        <line num="301" type="stmt" count="1"/>
        <line num="302" type="stmt" count="1"/>
        <line num="306" type="stmt" count="1"/>
        <metrics loc="308" ncloc="222" classes="1" methods="7" coveredmethods="7" conditionals="0" coveredconditionals="0" statements="57" coveredstatements="57" elements="64" coveredelements="64"/>
      </file>
      <file name="C:\Users\bastien.miclo\Perso\phug-php\parser\src\Phug/ParserException.php">
        <class name="ParserException" namespace="Phug">
          <metrics complexity="0" methods="0" coveredmethods="0" conditionals="0" coveredconditionals="0" statements="0" coveredstatements="0" elements="0" coveredelements="0"/>
        </class>
        <metrics loc="10" ncloc="7" classes="0" methods="0" coveredmethods="0" conditionals="0" coveredconditionals="0" statements="0" coveredstatements="0" elements="0" coveredelements="0"/>
      </file>
    </package>
    <package name="Phug\Parser">
      <file name="C:\Users\bastien.miclo\Perso\phug-php\parser\src\Phug/Parser/Node.php">
        <class name="Node" namespace="Phug\Parser">
          <metrics complexity="9" methods="6" coveredmethods="6" conditionals="0" coveredconditionals="0" statements="12" coveredstatements="12" elements="18" coveredelements="18"/>
        </class>
        <line num="32" type="method" name="__construct" visibility="public" complexity="4" crap="4" count="1"/>
        <line num="39" type="stmt" count="1"/>
        <line num="41" type="stmt" count="1"/>
        <line num="42" type="stmt" count="1"/>
        <line num="43" type="stmt" count="1"/>
        <line num="44" type="stmt" count="1"/>
        <line num="45" type="stmt" count="1"/>
        <line num="50" type="method" name="getLine" visibility="public" complexity="1" crap="1" count="1"/>
        <line num="52" type="stmt" count="1"/>
        <line num="58" type="method" name="getOffset" visibility="public" complexity="1" crap="1" count="1"/>
        <line num="60" type="stmt" count="1"/>
        <line num="66" type="method" name="getLevel" visibility="public" complexity="1" crap="1" count="1"/>
        <line num="68" type="stmt" count="1"/>
        <line num="74" type="method" name="getOuterNode" visibility="public" complexity="1" crap="1" count="1"/>
        <line num="76" type="stmt" count="1"/>
        <line num="84" type="method" name="setOuterNode" visibility="public" complexity="1" crap="1" count="1"/>
        <line num="86" type="stmt" count="1"/>
        <line num="88" type="stmt" count="1"/>
        <metrics loc="90" ncloc="55" classes="1" methods="6" coveredmethods="6" conditionals="0" coveredconditionals="0" statements="12" coveredstatements="12" elements="18" coveredelements="18"/>
      </file>
      <file name="C:\Users\bastien.miclo\Perso\phug-php\parser\src\Phug/Parser/State.php">
        <class name="State" namespace="Phug\Parser">
          <metrics complexity="57" methods="32" coveredmethods="31" conditionals="0" coveredconditionals="0" statements="108" coveredstatements="107" elements="140" coveredelements="138"/>
        </class>
        <line num="76" type="method" name="__construct" visibility="public" complexity="3" crap="3.00" count="2"/>
        <line num="78" type="stmt" count="2"/>
        <line num="79" type="stmt" count="2"/>
        <line num="80" type="stmt" count="2"/>
        <line num="81" type="stmt" count="2"/>
        <line num="82" type="stmt" count="2"/>
        <line num="83" type="stmt" count="2"/>
        <line num="84" type="stmt" count="2"/>
        <line num="85" type="stmt" count="2"/>
        <line num="86" type="stmt" count="2"/>
        <line num="87" type="stmt" count="2"/>
        <line num="93" type="stmt" count="2"/>
        <line num="94" type="stmt" count="0"/>
        <line num="96" type="stmt" count="2"/>
        <line num="101" type="method" name="getLevel" visibility="public" complexity="1" crap="1" count="1"/>
        <line num="103" type="stmt" count="1"/>
        <line num="111" type="method" name="setLevel" visibility="public" complexity="1" crap="1" count="1"/>
        <line num="113" type="stmt" count="1"/>
        <line num="115" type="stmt" count="1"/>
        <line num="121" type="method" name="getTokens" visibility="public" complexity="1" crap="1" count="1"/>
        <line num="123" type="stmt" count="1"/>
        <line num="131" type="method" name="setTokens" visibility="public" complexity="1" crap="1" count="1"/>
        <line num="133" type="stmt" count="1"/>
        <line num="135" type="stmt" count="1"/>
        <line num="141" type="method" name="getDocumentNode" visibility="public" complexity="1" crap="1" count="1"/>
        <line num="143" type="stmt" count="1"/>
        <line num="149" type="method" name="getParentNode" visibility="public" complexity="1" crap="1" count="1"/>
        <line num="151" type="stmt" count="1"/>
        <line num="159" type="method" name="setParentNode" visibility="public" complexity="1" crap="1" count="1"/>
        <line num="161" type="stmt" count="1"/>
        <line num="163" type="stmt" count="1"/>
        <line num="169" type="method" name="getCurrentNode" visibility="public" complexity="1" crap="1" count="1"/>
        <line num="171" type="stmt" count="1"/>
        <line num="179" type="method" name="setCurrentNode" visibility="public" complexity="1" crap="1" count="1"/>
        <line num="181" type="stmt" count="1"/>
        <line num="183" type="stmt" count="1"/>
        <line num="189" type="method" name="getLastNode" visibility="public" complexity="1" crap="1" count="1"/>
        <line num="191" type="stmt" count="1"/>
        <line num="199" type="method" name="setLastNode" visibility="public" complexity="1" crap="1" count="1"/>
        <line num="201" type="stmt" count="1"/>
        <line num="203" type="stmt" count="1"/>
        <line num="209" type="method" name="getOuterNode" visibility="public" complexity="1" crap="1" count="1"/>
        <line num="211" type="stmt" count="1"/>
        <line num="219" type="method" name="setOuterNode" visibility="public" complexity="1" crap="1" count="1"/>
        <line num="221" type="stmt" count="1"/>
        <line num="223" type="stmt" count="1"/>
        <line num="234" type="method" name="getNamedHandler" visibility="private" complexity="2" crap="2" count="2"/>
        <line num="236" type="stmt" count="2"/>
        <line num="237" type="stmt" count="2"/>
        <line num="240" type="stmt" count="2"/>
        <line num="257" type="method" name="handleToken" visibility="public" complexity="4" crap="4" count="4"/>
        <line num="259" type="stmt" count="4"/>
        <line num="260" type="stmt" count="4"/>
        <line num="262" type="stmt" count="4"/>
        <line num="263" type="stmt" count="1"/>
        <line num="264" type="stmt" count="1"/>
        <line num="270" type="stmt" count="3"/>
        <line num="271" type="stmt" count="3"/>
        <line num="272" type="stmt" count="1"/>
        <line num="273" type="stmt" count="3"/>
        <line num="275" type="stmt" count="3"/>
        <line num="277" type="stmt" count="3"/>
        <line num="291" type="method" name="lookUp" visibility="public" complexity="3" crap="3" count="1"/>
        <line num="293" type="stmt" count="1"/>
        <line num="294" type="stmt" count="1"/>
        <line num="295" type="stmt" count="1"/>
        <line num="296" type="stmt" count="1"/>
        <line num="298" type="stmt" count="1"/>
        <line num="301" type="stmt" count="1"/>
        <line num="303" type="stmt" count="1"/>
        <line num="315" type="method" name="lookUpNext" visibility="public" complexity="1" crap="1" count="1"/>
        <line num="317" type="stmt" count="1"/>
        <line num="330" type="method" name="expect" visibility="public" complexity="2" crap="2" count="1"/>
        <line num="332" type="stmt" count="1"/>
        <line num="333" type="stmt" count="1"/>
        <line num="335" type="stmt" count="1"/>
        <line num="347" type="method" name="expectNext" visibility="public" complexity="1" crap="1" count="1"/>
        <line num="349" type="stmt" count="1"/>
        <line num="362" type="method" name="hasTokens" visibility="public" complexity="1" crap="1" count="1"/>
        <line num="364" type="stmt" count="1"/>
        <line num="376" type="method" name="nextToken" visibility="public" complexity="1" crap="1" count="1"/>
        <line num="378" type="stmt" count="1"/>
        <line num="380" type="stmt" count="1"/>
        <line num="390" type="method" name="getToken" visibility="public" complexity="1" crap="1" count="1"/>
        <line num="392" type="stmt" count="1"/>
        <line num="395" type="method" name="is" visibility="public" complexity="3" crap="3" count="1"/>
        <line num="397" type="stmt" count="1"/>
        <line num="398" type="stmt" count="1"/>
        <line num="399" type="stmt" count="1"/>
        <line num="403" type="stmt" count="1"/>
        <line num="406" type="method" name="currentNodeIs" visibility="public" complexity="2" crap="2" count="1"/>
        <line num="408" type="stmt" count="1"/>
        <line num="409" type="stmt" count="1"/>
        <line num="412" type="stmt" count="1"/>
        <line num="415" type="method" name="lastNodeIs" visibility="public" complexity="2" crap="2" count="1"/>
        <line num="417" type="stmt" count="1"/>
        <line num="418" type="stmt" count="1"/>
        <line num="421" type="stmt" count="1"/>
        <line num="424" type="method" name="parentNodeIs" visibility="public" complexity="2" crap="2" count="1"/>
        <line num="426" type="stmt" count="1"/>
        <line num="427" type="stmt" count="1"/>
        <line num="430" type="stmt" count="1"/>
        <line num="450" type="method" name="createNode" visibility="public" complexity="5" crap="5" count="3"/>
        <line num="452" type="stmt" count="3"/>
        <line num="453" type="stmt" count="1"/>
        <line num="454" type="stmt" count="1"/>
        <line num="458" type="stmt" count="3"/>
        <line num="459" type="stmt" count="3"/>
        <line num="460" type="stmt" count="3"/>
        <line num="461" type="stmt" count="3"/>
        <line num="465" type="method" name="enter" visibility="public" complexity="2" crap="2" count="1"/>
        <line num="467" type="stmt" count="1"/>
        <line num="469" type="stmt" count="1"/>
        <line num="470" type="stmt" count="1"/>
        <line num="473" type="stmt" count="1"/>
        <line num="475" type="stmt" count="1"/>
        <line num="478" type="method" name="leave" visibility="public" complexity="2" crap="2" count="2"/>
        <line num="480" type="stmt" count="2"/>
        <line num="482" type="stmt" count="2"/>
        <line num="483" type="stmt" count="1"/>
        <line num="485" type="stmt" count="1"/>
        <line num="489" type="stmt" count="1"/>
        <line num="490" type="stmt" count="1"/>
        <line num="492" type="method" name="store" visibility="public" complexity="3" crap="3" count="1"/>
        <line num="494" type="stmt" count="1"/>
        <line num="495" type="stmt" count="1"/>
        <line num="499" type="stmt" count="1"/>
        <line num="501" type="stmt" count="1"/>
        <line num="502" type="stmt" count="1"/>
        <line num="506" type="stmt" count="1"/>
        <line num="507" type="stmt" count="1"/>
        <line num="508" type="stmt" count="1"/>
        <line num="510" type="stmt" count="1"/>
        <line num="524" type="method" name="throwException" visibility="public" complexity="4" crap="4" count="1"/>
        <line num="526" type="stmt" count="1"/>
        <line num="528" type="stmt" count="1"/>
        <line num="529" type="stmt" count="1"/>
        <line num="530" type="stmt" count="1"/>
        <line num="531" type="stmt" count="1"/>
        <line num="532" type="stmt" count="1"/>
        <metrics loc="535" ncloc="308" classes="1" methods="32" coveredmethods="31" conditionals="0" coveredconditionals="0" statements="108" coveredstatements="107" elements="140" coveredelements="138"/>
      </file>
    </package>
    <package name="Phug\Parser\Node">
      <file name="C:\Users\bastien.miclo\Perso\phug-php\parser\src\Phug/Parser/Node/AssignmentListNode.php">
        <class name="AssignmentListNode" namespace="Phug\Parser\Node">
          <metrics complexity="0" methods="0" coveredmethods="0" conditionals="0" coveredconditionals="0" statements="0" coveredstatements="0" elements="0" coveredelements="0"/>
        </class>
        <metrics loc="9" ncloc="9" classes="0" methods="0" coveredmethods="0" conditionals="0" coveredconditionals="0" statements="0" coveredstatements="0" elements="0" coveredelements="0"/>
      </file>
      <file name="C:\Users\bastien.miclo\Perso\phug-php\parser\src\Phug/Parser/Node/AssignmentNode.php">
        <class name="AssignmentNode" namespace="Phug\Parser\Node">
          <metrics complexity="0" methods="0" coveredmethods="0" conditionals="0" coveredconditionals="0" statements="0" coveredstatements="0" elements="0" coveredelements="0"/>
        </class>
        <metrics loc="13" ncloc="13" classes="0" methods="0" coveredmethods="0" conditionals="0" coveredconditionals="0" statements="0" coveredstatements="0" elements="0" coveredelements="0"/>
      </file>
      <file name="C:\Users\bastien.miclo\Perso\phug-php\parser\src\Phug/Parser/Node/AttributeListNode.php">
        <class name="AttributeListNode" namespace="Phug\Parser\Node">
          <metrics complexity="0" methods="0" coveredmethods="0" conditionals="0" coveredconditionals="0" statements="0" coveredstatements="0" elements="0" coveredelements="0"/>
        </class>
        <metrics loc="9" ncloc="9" classes="0" methods="0" coveredmethods="0" conditionals="0" coveredconditionals="0" statements="0" coveredstatements="0" elements="0" coveredelements="0"/>
      </file>
      <file name="C:\Users\bastien.miclo\Perso\phug-php\parser\src\Phug/Parser/Node/AttributeNode.php">
        <class name="AttributeNode" namespace="Phug\Parser\Node">
          <metrics complexity="0" methods="0" coveredmethods="0" conditionals="0" coveredconditionals="0" statements="0" coveredstatements="0" elements="0" coveredelements="0"/>
        </class>
        <metrics loc="17" ncloc="17" classes="0" methods="0" coveredmethods="0" conditionals="0" coveredconditionals="0" statements="0" coveredstatements="0" elements="0" coveredelements="0"/>
      </file>
      <file name="C:\Users\bastien.miclo\Perso\phug-php\parser\src\Phug/Parser/Node/BlockNode.php">
        <class name="BlockNode" namespace="Phug\Parser\Node">
          <metrics complexity="0" methods="0" coveredmethods="0" conditionals="0" coveredconditionals="0" statements="0" coveredstatements="0" elements="0" coveredelements="0"/>
        </class>
        <metrics loc="13" ncloc="13" classes="0" methods="0" coveredmethods="0" conditionals="0" coveredconditionals="0" statements="0" coveredstatements="0" elements="0" coveredelements="0"/>
      </file>
      <file name="C:\Users\bastien.miclo\Perso\phug-php\parser\src\Phug/Parser/Node/CaseNode.php">
        <class name="CaseNode" namespace="Phug\Parser\Node">
          <metrics complexity="0" methods="0" coveredmethods="0" conditionals="0" coveredconditionals="0" statements="0" coveredstatements="0" elements="0" coveredelements="0"/>
        </class>
        <metrics loc="11" ncloc="11" classes="0" methods="0" coveredmethods="0" conditionals="0" coveredconditionals="0" statements="0" coveredstatements="0" elements="0" coveredelements="0"/>
      </file>
      <file name="C:\Users\bastien.miclo\Perso\phug-php\parser\src\Phug/Parser/Node/CodeNode.php">
        <class name="CodeNode" namespace="Phug\Parser\Node">
          <metrics complexity="0" methods="0" coveredmethods="0" conditionals="0" coveredconditionals="0" statements="0" coveredstatements="0" elements="0" coveredelements="0"/>
        </class>
        <metrics loc="13" ncloc="13" classes="0" methods="0" coveredmethods="0" conditionals="0" coveredconditionals="0" statements="0" coveredstatements="0" elements="0" coveredelements="0"/>
      </file>
      <file name="C:\Users\bastien.miclo\Perso\phug-php\parser\src\Phug/Parser/Node/CommentNode.php">
        <class name="CommentNode" namespace="Phug\Parser\Node">
          <metrics complexity="0" methods="0" coveredmethods="0" conditionals="0" coveredconditionals="0" statements="0" coveredstatements="0" elements="0" coveredelements="0"/>
        </class>
        <metrics loc="11" ncloc="11" classes="0" methods="0" coveredmethods="0" conditionals="0" coveredconditionals="0" statements="0" coveredstatements="0" elements="0" coveredelements="0"/>
      </file>
      <file name="C:\Users\bastien.miclo\Perso\phug-php\parser\src\Phug/Parser/Node/ConditionalNode.php">
        <class name="ConditionalNode" namespace="Phug\Parser\Node">
          <metrics complexity="0" methods="0" coveredmethods="0" conditionals="0" coveredconditionals="0" statements="0" coveredstatements="0" elements="0" coveredelements="0"/>
        </class>
        <metrics loc="13" ncloc="13" classes="0" methods="0" coveredmethods="0" conditionals="0" coveredconditionals="0" statements="0" coveredstatements="0" elements="0" coveredelements="0"/>
      </file>
      <file name="C:\Users\bastien.miclo\Perso\phug-php\parser\src\Phug/Parser/Node/DoNode.php">
        <class name="DoNode" namespace="Phug\Parser\Node">
          <metrics complexity="0" methods="0" coveredmethods="0" conditionals="0" coveredconditionals="0" statements="0" coveredstatements="0" elements="0" coveredelements="0"/>
        </class>
        <metrics loc="9" ncloc="9" classes="0" methods="0" coveredmethods="0" conditionals="0" coveredconditionals="0" statements="0" coveredstatements="0" elements="0" coveredelements="0"/>
      </file>
      <file name="C:\Users\bastien.miclo\Perso\phug-php\parser\src\Phug/Parser/Node/DoctypeNode.php">
        <class name="DoctypeNode" namespace="Phug\Parser\Node">
          <metrics complexity="0" methods="0" coveredmethods="0" conditionals="0" coveredconditionals="0" statements="0" coveredstatements="0" elements="0" coveredelements="0"/>
        </class>
        <metrics loc="11" ncloc="11" classes="0" methods="0" coveredmethods="0" conditionals="0" coveredconditionals="0" statements="0" coveredstatements="0" elements="0" coveredelements="0"/>
      </file>
      <file name="C:\Users\bastien.miclo\Perso\phug-php\parser\src\Phug/Parser/Node/DocumentNode.php">
        <class name="DocumentNode" namespace="Phug\Parser\Node">
          <metrics complexity="0" methods="0" coveredmethods="0" conditionals="0" coveredconditionals="0" statements="0" coveredstatements="0" elements="0" coveredelements="0"/>
        </class>
        <metrics loc="9" ncloc="9" classes="0" methods="0" coveredmethods="0" conditionals="0" coveredconditionals="0" statements="0" coveredstatements="0" elements="0" coveredelements="0"/>
      </file>
      <file name="C:\Users\bastien.miclo\Perso\phug-php\parser\src\Phug/Parser/Node/EachNode.php">
        <class name="EachNode" namespace="Phug\Parser\Node">
          <metrics complexity="0" methods="0" coveredmethods="0" conditionals="0" coveredconditionals="0" statements="0" coveredstatements="0" elements="0" coveredelements="0"/>
        </class>
        <metrics loc="13" ncloc="13" classes="0" methods="0" coveredmethods="0" conditionals="0" coveredconditionals="0" statements="0" coveredstatements="0" elements="0" coveredelements="0"/>
      </file>
      <file name="C:\Users\bastien.miclo\Perso\phug-php\parser\src\Phug/Parser/Node/ElementNode.php">
        <class name="ElementNode" namespace="Phug\Parser\Node">
          <metrics complexity="0" methods="0" coveredmethods="0" conditionals="0" coveredconditionals="0" statements="0" coveredstatements="0" elements="0" coveredelements="0"/>
        </class>
        <metrics loc="15" ncloc="15" classes="0" methods="0" coveredmethods="0" conditionals="0" coveredconditionals="0" statements="0" coveredstatements="0" elements="0" coveredelements="0"/>
      </file>
      <file name="C:\Users\bastien.miclo\Perso\phug-php\parser\src\Phug/Parser/Node/ExpressionNode.php">
        <class name="ExpressionNode" namespace="Phug\Parser\Node">
          <metrics complexity="0" methods="0" coveredmethods="0" conditionals="0" coveredconditionals="0" statements="0" coveredstatements="0" elements="0" coveredelements="0"/>
        </class>
        <metrics loc="15" ncloc="15" classes="0" methods="0" coveredmethods="0" conditionals="0" coveredconditionals="0" statements="0" coveredstatements="0" elements="0" coveredelements="0"/>
      </file>
      <file name="C:\Users\bastien.miclo\Perso\phug-php\parser\src\Phug/Parser/Node/FilterNode.php">
        <class name="FilterNode" namespace="Phug\Parser\Node">
          <metrics complexity="0" methods="0" coveredmethods="0" conditionals="0" coveredconditionals="0" statements="0" coveredstatements="0" elements="0" coveredelements="0"/>
        </class>
        <metrics loc="11" ncloc="11" classes="0" methods="0" coveredmethods="0" conditionals="0" coveredconditionals="0" statements="0" coveredstatements="0" elements="0" coveredelements="0"/>
      </file>
      <file name="C:\Users\bastien.miclo\Perso\phug-php\parser\src\Phug/Parser/Node/ForNode.php">
        <class name="ForNode" namespace="Phug\Parser\Node">
          <metrics complexity="0" methods="0" coveredmethods="0" conditionals="0" coveredconditionals="0" statements="0" coveredstatements="0" elements="0" coveredelements="0"/>
        </class>
        <metrics loc="11" ncloc="11" classes="0" methods="0" coveredmethods="0" conditionals="0" coveredconditionals="0" statements="0" coveredstatements="0" elements="0" coveredelements="0"/>
      </file>
      <file name="C:\Users\bastien.miclo\Perso\phug-php\parser\src\Phug/Parser/Node/ImportNode.php">
        <class name="ImportNode" namespace="Phug\Parser\Node">
          <metrics complexity="0" methods="0" coveredmethods="0" conditionals="0" coveredconditionals="0" statements="0" coveredstatements="0" elements="0" coveredelements="0"/>
        </class>
        <metrics loc="15" ncloc="15" classes="0" methods="0" coveredmethods="0" conditionals="0" coveredconditionals="0" statements="0" coveredstatements="0" elements="0" coveredelements="0"/>
      </file>
      <file name="C:\Users\bastien.miclo\Perso\phug-php\parser\src\Phug/Parser/Node/MixinCallNode.php">
        <class name="MixinCallNode" namespace="Phug\Parser\Node">
          <metrics complexity="0" methods="0" coveredmethods="0" conditionals="0" coveredconditionals="0" statements="0" coveredstatements="0" elements="0" coveredelements="0"/>
        </class>
        <metrics loc="15" ncloc="15" classes="0" methods="0" coveredmethods="0" conditionals="0" coveredconditionals="0" statements="0" coveredstatements="0" elements="0" coveredelements="0"/>
      </file>
      <file name="C:\Users\bastien.miclo\Perso\phug-php\parser\src\Phug/Parser/Node/MixinNode.php">
        <class name="MixinNode" namespace="Phug\Parser\Node">
          <metrics complexity="0" methods="0" coveredmethods="0" conditionals="0" coveredconditionals="0" statements="0" coveredstatements="0" elements="0" coveredelements="0"/>
        </class>
        <metrics loc="15" ncloc="15" classes="0" methods="0" coveredmethods="0" conditionals="0" coveredconditionals="0" statements="0" coveredstatements="0" elements="0" coveredelements="0"/>
      </file>
      <file name="C:\Users\bastien.miclo\Perso\phug-php\parser\src\Phug/Parser/Node/TextNode.php">
        <class name="TextNode" namespace="Phug\Parser\Node">
          <metrics complexity="2" methods="2" coveredmethods="2" conditionals="0" coveredconditionals="0" statements="3" coveredstatements="3" elements="5" coveredelements="5"/>
        </class>
        <line num="16" type="method" name="setLevel" visibility="public" complexity="1" crap="1" count="1"/>
        <line num="18" type="stmt" count="1"/>
        <line num="19" type="stmt" count="1"/>
        <line num="21" type="method" name="getLevel" visibility="public" complexity="1" crap="1" count="1"/>
        <line num="23" type="stmt" count="1"/>
        <metrics loc="25" ncloc="25" classes="1" methods="2" coveredmethods="2" conditionals="0" coveredconditionals="0" statements="3" coveredstatements="3" elements="5" coveredelements="5"/>
      </file>
      <file name="C:\Users\bastien.miclo\Perso\phug-php\parser\src\Phug/Parser/Node/VariableNode.php">
        <class name="VariableNode" namespace="Phug\Parser\Node">
          <metrics complexity="0" methods="0" coveredmethods="0" conditionals="0" coveredconditionals="0" statements="0" coveredstatements="0" elements="0" coveredelements="0"/>
        </class>
        <metrics loc="13" ncloc="13" classes="0" methods="0" coveredmethods="0" conditionals="0" coveredconditionals="0" statements="0" coveredstatements="0" elements="0" coveredelements="0"/>
      </file>
      <file name="C:\Users\bastien.miclo\Perso\phug-php\parser\src\Phug/Parser/Node/WhenNode.php">
        <class name="WhenNode" namespace="Phug\Parser\Node">
          <metrics complexity="0" methods="0" coveredmethods="0" conditionals="0" coveredconditionals="0" statements="0" coveredstatements="0" elements="0" coveredelements="0"/>
        </class>
        <metrics loc="13" ncloc="13" classes="0" methods="0" coveredmethods="0" conditionals="0" coveredconditionals="0" statements="0" coveredstatements="0" elements="0" coveredelements="0"/>
      </file>
      <file name="C:\Users\bastien.miclo\Perso\phug-php\parser\src\Phug/Parser/Node/WhileNode.php">
        <class name="WhileNode" namespace="Phug\Parser\Node">
          <metrics complexity="0" methods="0" coveredmethods="0" conditionals="0" coveredconditionals="0" statements="0" coveredstatements="0" elements="0" coveredelements="0"/>
        </class>
        <metrics loc="11" ncloc="11" classes="0" methods="0" coveredmethods="0" conditionals="0" coveredconditionals="0" statements="0" coveredstatements="0" elements="0" coveredelements="0"/>
      </file>
    </package>
    <file name="C:\Users\bastien.miclo\Perso\phug-php\parser\src\Phug/Parser/NodeInterface.php">
      <metrics loc="18" ncloc="18" classes="0" methods="0" coveredmethods="0" conditionals="0" coveredconditionals="0" statements="0" coveredstatements="0" elements="0" coveredelements="0"/>
    </file>
    <package name="Phug\Parser\TokenHandler">
      <file name="C:\Users\bastien.miclo\Perso\phug-php\parser\src\Phug/Parser/TokenHandler/AssignmentTokenHandler.php">
        <class name="AssignmentTokenHandler" namespace="Phug\Parser\TokenHandler">
          <metrics complexity="5" methods="1" coveredmethods="1" conditionals="0" coveredconditionals="0" statements="17" coveredstatements="17" elements="18" coveredelements="18"/>
        </class>
        <line num="16" type="method" name="handleToken" visibility="public" complexity="5" crap="5" count="4"/>
        <line num="18" type="stmt" count="4"/>
        <line num="19" type="stmt" count="1"/>
        <line num="20" type="stmt" count="1"/>
        <line num="24" type="stmt" count="3"/>
        <line num="25" type="stmt" count="2"/>
        <line num="28" type="stmt" count="3"/>
        <line num="29" type="stmt" count="1"/>
        <line num="30" type="stmt" count="1"/>
        <line num="36" type="stmt" count="2"/>
        <line num="37" type="stmt" count="2"/>
        <line num="40" type="stmt" count="2"/>
        <line num="41" type="stmt" count="2"/>
        <line num="43" type="stmt" count="2"/>
        <line num="44" type="stmt" count="1"/>
        <line num="47" type="stmt" count="1"/>
        <line num="48" type="stmt" count="1"/>
        <line num="50" type="stmt" count="2"/>
        <metrics loc="51" ncloc="45" classes="1" methods="1" coveredmethods="1" conditionals="0" coveredconditionals="0" statements="17" coveredstatements="17" elements="18" coveredelements="18"/>
      </file>
      <file name="C:\Users\bastien.miclo\Perso\phug-php\parser\src\Phug/Parser/TokenHandler/AttributeEndTokenHandler.php">
        <class name="AttributeEndTokenHandler" namespace="Phug\Parser\TokenHandler">
          <metrics complexity="2" methods="1" coveredmethods="1" conditionals="0" coveredconditionals="0" statements="4" coveredstatements="4" elements="5" coveredelements="5"/>
        </class>
        <line num="12" type="method" name="handleToken" visibility="public" complexity="2" crap="2" count="2"/>
        <line num="14" type="stmt" count="2"/>
        <line num="15" type="stmt" count="1"/>
        <line num="16" type="stmt" count="1"/>
        <line num="19" type="stmt" count="1"/>
        <metrics loc="20" ncloc="20" classes="1" methods="1" coveredmethods="1" conditionals="0" coveredconditionals="0" statements="4" coveredstatements="4" elements="5" coveredelements="5"/>
      </file>
      <file name="C:\Users\bastien.miclo\Perso\phug-php\parser\src\Phug/Parser/TokenHandler/AttributeStartTokenHandler.php">
        <class name="AttributeStartTokenHandler" namespace="Phug\Parser\TokenHandler">
          <metrics complexity="6" methods="1" coveredmethods="0" conditionals="0" coveredconditionals="0" statements="15" coveredstatements="9" elements="16" coveredelements="9"/>
        </class>
        <line num="20" type="method" name="handleToken" visibility="public" complexity="6" crap="8.30" count="2"/>
        <line num="22" type="stmt" count="2"/>
        <line num="23" type="stmt" count="0"/>
        <line num="24" type="stmt" count="0"/>
        <line num="28" type="stmt" count="2"/>
        <line num="29" type="stmt" count="2"/>
        <line num="32" type="stmt" count="2"/>
        <line num="33" type="stmt" count="2"/>
        <line num="37" type="stmt" count="0"/>
        <line num="39" type="stmt" count="0"/>
        <line num="44" type="stmt" count="2"/>
        <line num="45" type="stmt" count="1"/>
        <line num="48" type="stmt" count="2"/>
        <line num="49" type="stmt" count="0"/>
        <line num="50" type="stmt" count="0"/>
        <line num="54" type="stmt" count="2"/>
        <metrics loc="55" ncloc="55" classes="1" methods="1" coveredmethods="0" conditionals="0" coveredconditionals="0" statements="15" coveredstatements="9" elements="16" coveredelements="9"/>
      </file>
      <file name="C:\Users\bastien.miclo\Perso\phug-php\parser\src\Phug/Parser/TokenHandler/AttributeTokenHandler.php">
        <class name="AttributeTokenHandler" namespace="Phug\Parser\TokenHandler">
          <metrics complexity="6" methods="1" coveredmethods="0" conditionals="0" coveredconditionals="0" statements="18" coveredstatements="13" elements="19" coveredelements="13"/>
        </class>
        <line num="15" type="method" name="handleToken" visibility="public" complexity="6" crap="6.77" count="1"/>
        <line num="17" type="stmt" count="1"/>
        <line num="18" type="stmt" count="0"/>
        <line num="19" type="stmt" count="0"/>
        <line num="23" type="stmt" count="1"/>
        <line num="24" type="stmt" count="0"/>
        <line num="28" type="stmt" count="1"/>
        <line num="29" type="stmt" count="1"/>
        <line num="30" type="stmt" count="1"/>
        <line num="31" type="stmt" count="1"/>
        <line num="32" type="stmt" count="1"/>
        <line num="33" type="stmt" count="1"/>
        <line num="34" type="stmt" count="1"/>
        <line num="37" type="stmt" count="1"/>
        <line num="38" type="stmt" count="0"/>
        <line num="39" type="stmt" count="0"/>
        <line num="43" type="stmt" count="1"/>
        <line num="44" type="stmt" count="1"/>
        <line num="45" type="stmt" count="1"/>
        <metrics loc="46" ncloc="42" classes="1" methods="1" coveredmethods="0" conditionals="0" coveredconditionals="0" statements="18" coveredstatements="13" elements="19" coveredelements="13"/>
      </file>
      <file name="C:\Users\bastien.miclo\Perso\phug-php\parser\src\Phug/Parser/TokenHandler/BlockTokenHandler.php">
        <class name="BlockTokenHandler" namespace="Phug\Parser\TokenHandler">
          <metrics complexity="2" methods="1" coveredmethods="0" conditionals="0" coveredconditionals="0" statements="8" coveredstatements="0" elements="9" coveredelements="0"/>
        </class>
        <line num="13" type="method" name="handleToken" visibility="public" complexity="2" crap="6" count="0"/>
        <line num="15" type="stmt" count="0"/>
        <line num="16" type="stmt" count="0"/>
        <line num="17" type="stmt" count="0"/>
        <line num="22" type="stmt" count="0"/>
        <line num="23" type="stmt" count="0"/>
        <line num="24" type="stmt" count="0"/>
        <line num="25" type="stmt" count="0"/>
        <line num="26" type="stmt" count="0"/>
        <metrics loc="27" ncloc="26" classes="1" methods="1" coveredmethods="0" conditionals="0" coveredconditionals="0" statements="8" coveredstatements="0" elements="9" coveredelements="0"/>
      </file>
      <file name="C:\Users\bastien.miclo\Perso\phug-php\parser\src\Phug/Parser/TokenHandler/CaseTokenHandler.php">
        <class name="CaseTokenHandler" namespace="Phug\Parser\TokenHandler">
          <metrics complexity="2" methods="1" coveredmethods="0" conditionals="0" coveredconditionals="0" statements="7" coveredstatements="0" elements="8" coveredelements="0"/>
        </class>
        <line num="13" type="method" name="handleToken" visibility="public" complexity="2" crap="6" count="0"/>
        <line num="15" type="stmt" count="0"/>
        <line num="16" type="stmt" count="0"/>
        <line num="17" type="stmt" count="0"/>
        <line num="22" type="stmt" count="0"/>
        <line num="23" type="stmt" count="0"/>
        <line num="24" type="stmt" count="0"/>
        <line num="25" type="stmt" count="0"/>
        <metrics loc="26" ncloc="25" classes="1" methods="1" coveredmethods="0" conditionals="0" coveredconditionals="0" statements="7" coveredstatements="0" elements="8" coveredelements="0"/>
      </file>
      <file name="C:\Users\bastien.miclo\Perso\phug-php\parser\src\Phug/Parser/TokenHandler/ClassTokenHandler.php">
        <class name="ClassTokenHandler" namespace="Phug\Parser\TokenHandler">
          <metrics complexity="4" methods="1" coveredmethods="0" conditionals="0" coveredconditionals="0" statements="15" coveredstatements="0" elements="16" coveredelements="0"/>
        </class>
        <line num="15" type="method" name="handleToken" visibility="public" complexity="4" crap="20" count="0"/>
        <line num="17" type="stmt" count="0"/>
        <line num="18" type="stmt" count="0"/>
        <line num="19" type="stmt" count="0"/>
        <line num="23" type="stmt" count="0"/>
        <line num="24" type="stmt" count="0"/>
        <line num="27" type="stmt" count="0"/>
        <line num="28" type="stmt" count="0"/>
        <line num="29" type="stmt" count="0"/>
        <line num="36" type="stmt" count="0"/>
        <line num="37" type="stmt" count="0"/>
        <line num="38" type="stmt" count="0"/>
        <line num="39" type="stmt" count="0"/>
        <line num="42" type="stmt" count="0"/>
        <line num="43" type="stmt" count="0"/>
        <line num="44" type="stmt" count="0"/>
        <metrics loc="45" ncloc="41" classes="1" methods="1" coveredmethods="0" conditionals="0" coveredconditionals="0" statements="15" coveredstatements="0" elements="16" coveredelements="0"/>
      </file>
      <file name="C:\Users\bastien.miclo\Perso\phug-php\parser\src\Phug/Parser/TokenHandler/CodeTokenHandler.php">
        <class name="CodeTokenHandler" namespace="Phug\Parser\TokenHandler">
          <metrics complexity="3" methods="1" coveredmethods="0" conditionals="0" coveredconditionals="0" statements="11" coveredstatements="0" elements="12" coveredelements="0"/>
        </class>
        <line num="13" type="method" name="handleToken" visibility="public" complexity="3" crap="12" count="0"/>
        <line num="15" type="stmt" count="0"/>
        <line num="16" type="stmt" count="0"/>
        <line num="17" type="stmt" count="0"/>
        <line num="22" type="stmt" count="0"/>
        <line num="23" type="stmt" count="0"/>
        <line num="24" type="stmt" count="0"/>
        <line num="25" type="stmt" count="0"/>
        <line num="27" type="stmt" count="0"/>
        <line num="28" type="stmt" count="0"/>
        <line num="30" type="stmt" count="0"/>
        <line num="32" type="stmt" count="0"/>
        <metrics loc="33" ncloc="32" classes="1" methods="1" coveredmethods="0" conditionals="0" coveredconditionals="0" statements="11" coveredstatements="0" elements="12" coveredelements="0"/>
      </file>
      <file name="C:\Users\bastien.miclo\Perso\phug-php\parser\src\Phug/Parser/TokenHandler/CommentTokenHandler.php">
        <class name="CommentTokenHandler" namespace="Phug\Parser\TokenHandler">
          <metrics complexity="2" methods="1" coveredmethods="0" conditionals="0" coveredconditionals="0" statements="7" coveredstatements="0" elements="8" coveredelements="0"/>
        </class>
        <line num="13" type="method" name="handleToken" visibility="public" complexity="2" crap="6" count="0"/>
        <line num="15" type="stmt" count="0"/>
        <line num="16" type="stmt" count="0"/>
        <line num="17" type="stmt" count="0"/>
        <line num="22" type="stmt" count="0"/>
        <line num="23" type="stmt" count="0"/>
        <line num="24" type="stmt" count="0"/>
        <line num="25" type="stmt" count="0"/>
        <metrics loc="26" ncloc="25" classes="1" methods="1" coveredmethods="0" conditionals="0" coveredconditionals="0" statements="7" coveredstatements="0" elements="8" coveredelements="0"/>
      </file>
      <file name="C:\Users\bastien.miclo\Perso\phug-php\parser\src\Phug/Parser/TokenHandler/ConditionalTokenHandler.php">
        <class name="ConditionalTokenHandler" namespace="Phug\Parser\TokenHandler">
          <metrics complexity="2" methods="1" coveredmethods="0" conditionals="0" coveredconditionals="0" statements="8" coveredstatements="0" elements="9" coveredelements="0"/>
        </class>
        <line num="13" type="method" name="handleToken" visibility="public" complexity="2" crap="6" count="0"/>
        <line num="15" type="stmt" count="0"/>
        <line num="16" type="stmt" count="0"/>
        <line num="17" type="stmt" count="0"/>
        <line num="22" type="stmt" count="0"/>
        <line num="23" type="stmt" count="0"/>
        <line num="24" type="stmt" count="0"/>
        <line num="25" type="stmt" count="0"/>
        <line num="26" type="stmt" count="0"/>
        <metrics loc="27" ncloc="26" classes="1" methods="1" coveredmethods="0" conditionals="0" coveredconditionals="0" statements="8" coveredstatements="0" elements="9" coveredelements="0"/>
      </file>
      <file name="C:\Users\bastien.miclo\Perso\phug-php\parser\src\Phug/Parser/TokenHandler/DoTokenHandler.php">
        <class name="DoTokenHandler" namespace="Phug\Parser\TokenHandler">
          <metrics complexity="2" methods="1" coveredmethods="0" conditionals="0" coveredconditionals="0" statements="6" coveredstatements="0" elements="7" coveredelements="0"/>
        </class>
        <line num="13" type="method" name="handleToken" visibility="public" complexity="2" crap="6" count="0"/>
        <line num="15" type="stmt" count="0"/>
        <line num="16" type="stmt" count="0"/>
        <line num="17" type="stmt" count="0"/>
        <line num="21" type="stmt" count="0"/>
        <line num="22" type="stmt" count="0"/>
        <line num="23" type="stmt" count="0"/>
        <metrics loc="24" ncloc="24" classes="1" methods="1" coveredmethods="0" conditionals="0" coveredconditionals="0" statements="6" coveredstatements="0" elements="7" coveredelements="0"/>
      </file>
      <file name="C:\Users\bastien.miclo\Perso\phug-php\parser\src\Phug/Parser/TokenHandler/DoctypeTokenHandler.php">
        <class name="DoctypeTokenHandler" namespace="Phug\Parser\TokenHandler">
          <metrics complexity="2" methods="1" coveredmethods="0" conditionals="0" coveredconditionals="0" statements="7" coveredstatements="0" elements="8" coveredelements="0"/>
        </class>
        <line num="13" type="method" name="handleToken" visibility="public" complexity="2" crap="6" count="0"/>
        <line num="15" type="stmt" count="0"/>
        <line num="16" type="stmt" count="0"/>
        <line num="17" type="stmt" count="0"/>
        <line num="22" type="stmt" count="0"/>
        <line num="23" type="stmt" count="0"/>
        <line num="24" type="stmt" count="0"/>
        <line num="25" type="stmt" count="0"/>
        <metrics loc="26" ncloc="25" classes="1" methods="1" coveredmethods="0" conditionals="0" coveredconditionals="0" statements="7" coveredstatements="0" elements="8" coveredelements="0"/>
      </file>
      <file name="C:\Users\bastien.miclo\Perso\phug-php\parser\src\Phug/Parser/TokenHandler/EachTokenHandler.php">
        <class name="EachTokenHandler" namespace="Phug\Parser\TokenHandler">
          <metrics complexity="2" methods="1" coveredmethods="0" conditionals="0" coveredconditionals="0" statements="9" coveredstatements="0" elements="10" coveredelements="0"/>
        </class>
        <line num="13" type="method" name="handleToken" visibility="public" complexity="2" crap="6" count="0"/>
        <line num="15" type="stmt" count="0"/>
        <line num="16" type="stmt" count="0"/>
        <line num="17" type="stmt" count="0"/>
        <line num="22" type="stmt" count="0"/>
        <line num="23" type="stmt" count="0"/>
        <line num="24" type="stmt" count="0"/>
        <line num="25" type="stmt" count="0"/>
        <line num="26" type="stmt" count="0"/>
        <line num="27" type="stmt" count="0"/>
        <metrics loc="28" ncloc="27" classes="1" methods="1" coveredmethods="0" conditionals="0" coveredconditionals="0" statements="9" coveredstatements="0" elements="10" coveredelements="0"/>
      </file>
      <file name="C:\Users\bastien.miclo\Perso\phug-php\parser\src\Phug/Parser/TokenHandler/ExpansionTokenHandler.php">
        <class name="ExpansionTokenHandler" namespace="Phug\Parser\TokenHandler">
          <metrics complexity="7" methods="1" coveredmethods="0" conditionals="0" coveredconditionals="0" statements="20" coveredstatements="0" elements="21" coveredelements="0"/>
        </class>
        <line num="14" type="method" name="handleToken" visibility="public" complexity="7" crap="56" count="0"/>
        <line num="16" type="stmt" count="0"/>
        <line num="17" type="stmt" count="0"/>
        <line num="18" type="stmt" count="0"/>
        <line num="22" type="stmt" count="0"/>
        <line num="23" type="stmt" count="0"/>
        <line num="24" type="stmt" count="0"/>
        <line num="29" type="stmt" count="0"/>
        <line num="30" type="stmt" count="0"/>
        <line num="31" type="stmt" count="0"/>
        <line num="34" type="stmt" count="0"/>
        <line num="35" type="stmt" count="0"/>
        <line num="42" type="stmt" count="0"/>
        <line num="44" type="stmt" count="0"/>
        <line num="45" type="stmt" count="0"/>
        <line num="47" type="stmt" count="0"/>
        <line num="51" type="stmt" count="0"/>
        <line num="52" type="stmt" count="0"/>
        <line num="55" type="stmt" count="0"/>
        <line num="56" type="stmt" count="0"/>
        <line num="57" type="stmt" count="0"/>
        <metrics loc="58" ncloc="54" classes="1" methods="1" coveredmethods="0" conditionals="0" coveredconditionals="0" statements="20" coveredstatements="0" elements="21" coveredelements="0"/>
      </file>
      <file name="C:\Users\bastien.miclo\Perso\phug-php\parser\src\Phug/Parser/TokenHandler/ExpressionTokenHandler.php">
        <class name="ExpressionTokenHandler" namespace="Phug\Parser\TokenHandler">
          <metrics complexity="3" methods="1" coveredmethods="0" conditionals="0" coveredconditionals="0" statements="11" coveredstatements="0" elements="12" coveredelements="0"/>
        </class>
        <line num="13" type="method" name="handleToken" visibility="public" complexity="3" crap="12" count="0"/>
        <line num="15" type="stmt" count="0"/>
        <line num="16" type="stmt" count="0"/>
        <line num="17" type="stmt" count="0"/>
        <line num="22" type="stmt" count="0"/>
        <line num="23" type="stmt" count="0"/>
        <line num="24" type="stmt" count="0"/>
        <line num="25" type="stmt" count="0"/>
        <line num="27" type="stmt" count="0"/>
        <line num="28" type="stmt" count="0"/>
        <line num="30" type="stmt" count="0"/>
        <line num="32" type="stmt" count="0"/>
        <metrics loc="33" ncloc="32" classes="1" methods="1" coveredmethods="0" conditionals="0" coveredconditionals="0" statements="11" coveredstatements="0" elements="12" coveredelements="0"/>
      </file>
      <file name="C:\Users\bastien.miclo\Perso\phug-php\parser\src\Phug/Parser/TokenHandler/FilterTokenHandler.php">
        <class name="FilterTokenHandler" namespace="Phug\Parser\TokenHandler">
          <metrics complexity="2" methods="1" coveredmethods="0" conditionals="0" coveredconditionals="0" statements="7" coveredstatements="0" elements="8" coveredelements="0"/>
        </class>
        <line num="13" type="method" name="handleToken" visibility="public" complexity="2" crap="6" count="0"/>
        <line num="15" type="stmt" count="0"/>
        <line num="16" type="stmt" count="0"/>
        <line num="17" type="stmt" count="0"/>
        <line num="22" type="stmt" count="0"/>
        <line num="23" type="stmt" count="0"/>
        <line num="24" type="stmt" count="0"/>
        <line num="25" type="stmt" count="0"/>
        <metrics loc="26" ncloc="25" classes="1" methods="1" coveredmethods="0" conditionals="0" coveredconditionals="0" statements="7" coveredstatements="0" elements="8" coveredelements="0"/>
      </file>
      <file name="C:\Users\bastien.miclo\Perso\phug-php\parser\src\Phug/Parser/TokenHandler/ForTokenHandler.php">
        <class name="ForTokenHandler" namespace="Phug\Parser\TokenHandler">
          <metrics complexity="2" methods="1" coveredmethods="0" conditionals="0" coveredconditionals="0" statements="7" coveredstatements="0" elements="8" coveredelements="0"/>
        </class>
        <line num="13" type="method" name="handleToken" visibility="public" complexity="2" crap="6" count="0"/>
        <line num="15" type="stmt" count="0"/>
        <line num="16" type="stmt" count="0"/>
        <line num="17" type="stmt" count="0"/>
        <line num="22" type="stmt" count="0"/>
        <line num="23" type="stmt" count="0"/>
        <line num="24" type="stmt" count="0"/>
        <line num="25" type="stmt" count="0"/>
        <metrics loc="26" ncloc="25" classes="1" methods="1" coveredmethods="0" conditionals="0" coveredconditionals="0" statements="7" coveredstatements="0" elements="8" coveredelements="0"/>
      </file>
      <file name="C:\Users\bastien.miclo\Perso\phug-php\parser\src\Phug/Parser/TokenHandler/IdTokenHandler.php">
        <class name="IdTokenHandler" namespace="Phug\Parser\TokenHandler">
          <metrics complexity="4" methods="1" coveredmethods="0" conditionals="0" coveredconditionals="0" statements="15" coveredstatements="0" elements="16" coveredelements="0"/>
        </class>
        <line num="15" type="method" name="handleToken" visibility="public" complexity="4" crap="20" count="0"/>
        <line num="17" type="stmt" count="0"/>
        <line num="18" type="stmt" count="0"/>
        <line num="19" type="stmt" count="0"/>
        <line num="23" type="stmt" count="0"/>
        <line num="24" type="stmt" count="0"/>
        <line num="27" type="stmt" count="0"/>
        <line num="28" type="stmt" count="0"/>
        <line num="29" type="stmt" count="0"/>
        <line num="35" type="stmt" count="0"/>
        <line num="36" type="stmt" count="0"/>
        <line num="37" type="stmt" count="0"/>
        <line num="38" type="stmt" count="0"/>
        <line num="41" type="stmt" count="0"/>
        <line num="42" type="stmt" count="0"/>
        <line num="43" type="stmt" count="0"/>
        <metrics loc="44" ncloc="42" classes="1" methods="1" coveredmethods="0" conditionals="0" coveredconditionals="0" statements="15" coveredstatements="0" elements="16" coveredelements="0"/>
      </file>
      <file name="C:\Users\bastien.miclo\Perso\phug-php\parser\src\Phug/Parser/TokenHandler/ImportTokenHandler.php">
        <class name="ImportTokenHandler" namespace="Phug\Parser\TokenHandler">
          <metrics complexity="4" methods="1" coveredmethods="0" conditionals="0" coveredconditionals="0" statements="12" coveredstatements="0" elements="13" coveredelements="0"/>
        </class>
        <line num="13" type="method" name="handleToken" visibility="public" complexity="4" crap="20" count="0"/>
        <line num="15" type="stmt" count="0"/>
        <line num="16" type="stmt" count="0"/>
        <line num="17" type="stmt" count="0"/>
        <line num="21" type="stmt" count="0"/>
        <line num="22" type="stmt" count="0"/>
        <line num="23" type="stmt" count="0"/>
        <line num="29" type="stmt" count="0"/>
        <line num="30" type="stmt" count="0"/>
        <line num="31" type="stmt" count="0"/>
        <line num="32" type="stmt" count="0"/>
        <line num="33" type="stmt" count="0"/>
        <line num="34" type="stmt" count="0"/>
        <metrics loc="35" ncloc="34" classes="1" methods="1" coveredmethods="0" conditionals="0" coveredconditionals="0" statements="12" coveredstatements="0" elements="13" coveredelements="0"/>
      </file>
      <file name="C:\Users\bastien.miclo\Perso\phug-php\parser\src\Phug/Parser/TokenHandler/IndentTokenHandler.php">
        <class name="IndentTokenHandler" namespace="Phug\Parser\TokenHandler">
          <metrics complexity="2" methods="1" coveredmethods="0" conditionals="0" coveredconditionals="0" statements="5" coveredstatements="0" elements="6" coveredelements="0"/>
        </class>
        <line num="12" type="method" name="handleToken" visibility="public" complexity="2" crap="6" count="0"/>
        <line num="14" type="stmt" count="0"/>
        <line num="15" type="stmt" count="0"/>
        <line num="16" type="stmt" count="0"/>
        <line num="20" type="stmt" count="0"/>
        <line num="21" type="stmt" count="0"/>
        <metrics loc="22" ncloc="22" classes="1" methods="1" coveredmethods="0" conditionals="0" coveredconditionals="0" statements="5" coveredstatements="0" elements="6" coveredelements="0"/>
      </file>
      <file name="C:\Users\bastien.miclo\Perso\phug-php\parser\src\Phug/Parser/TokenHandler/MixinCallTokenHandler.php">
        <class name="MixinCallTokenHandler" namespace="Phug\Parser\TokenHandler">
          <metrics complexity="2" methods="1" coveredmethods="0" conditionals="0" coveredconditionals="0" statements="7" coveredstatements="0" elements="8" coveredelements="0"/>
        </class>
        <line num="13" type="method" name="handleToken" visibility="public" complexity="2" crap="6" count="0"/>
        <line num="15" type="stmt" count="0"/>
        <line num="16" type="stmt" count="0"/>
        <line num="17" type="stmt" count="0"/>
        <line num="22" type="stmt" count="0"/>
        <line num="23" type="stmt" count="0"/>
        <line num="24" type="stmt" count="0"/>
        <line num="25" type="stmt" count="0"/>
        <metrics loc="26" ncloc="25" classes="1" methods="1" coveredmethods="0" conditionals="0" coveredconditionals="0" statements="7" coveredstatements="0" elements="8" coveredelements="0"/>
      </file>
      <file name="C:\Users\bastien.miclo\Perso\phug-php\parser\src\Phug/Parser/TokenHandler/MixinTokenHandler.php">
        <class name="MixinTokenHandler" namespace="Phug\Parser\TokenHandler">
          <metrics complexity="2" methods="1" coveredmethods="0" conditionals="0" coveredconditionals="0" statements="7" coveredstatements="0" elements="8" coveredelements="0"/>
        </class>
        <line num="13" type="method" name="handleToken" visibility="public" complexity="2" crap="6" count="0"/>
        <line num="15" type="stmt" count="0"/>
        <line num="16" type="stmt" count="0"/>
        <line num="17" type="stmt" count="0"/>
        <line num="22" type="stmt" count="0"/>
        <line num="23" type="stmt" count="0"/>
        <line num="24" type="stmt" count="0"/>
        <line num="25" type="stmt" count="0"/>
        <metrics loc="26" ncloc="25" classes="1" methods="1" coveredmethods="0" conditionals="0" coveredconditionals="0" statements="7" coveredstatements="0" elements="8" coveredelements="0"/>
      </file>
      <file name="C:\Users\bastien.miclo\Perso\phug-php\parser\src\Phug/Parser/TokenHandler/NewLineTokenHandler.php">
        <class name="NewLineTokenHandler" namespace="Phug\Parser\TokenHandler">
          <metrics complexity="2" methods="1" coveredmethods="0" conditionals="0" coveredconditionals="0" statements="5" coveredstatements="0" elements="6" coveredelements="0"/>
        </class>
        <line num="12" type="method" name="handleToken" visibility="public" complexity="2" crap="6" count="0"/>
        <line num="14" type="stmt" count="0"/>
        <line num="15" type="stmt" count="0"/>
        <line num="16" type="stmt" count="0"/>
        <line num="20" type="stmt" count="0"/>
        <line num="21" type="stmt" count="0"/>
        <metrics loc="22" ncloc="22" classes="1" methods="1" coveredmethods="0" conditionals="0" coveredconditionals="0" statements="5" coveredstatements="0" elements="6" coveredelements="0"/>
      </file>
      <file name="C:\Users\bastien.miclo\Perso\phug-php\parser\src\Phug/Parser/TokenHandler/OutdentTokenHandler.php">
        <class name="OutdentTokenHandler" namespace="Phug\Parser\TokenHandler">
          <metrics complexity="2" methods="1" coveredmethods="0" conditionals="0" coveredconditionals="0" statements="5" coveredstatements="0" elements="6" coveredelements="0"/>
        </class>
        <line num="12" type="method" name="handleToken" visibility="public" complexity="2" crap="6" count="0"/>
        <line num="14" type="stmt" count="0"/>
        <line num="15" type="stmt" count="0"/>
        <line num="16" type="stmt" count="0"/>
        <line num="20" type="stmt" count="0"/>
        <line num="21" type="stmt" count="0"/>
        <metrics loc="22" ncloc="22" classes="1" methods="1" coveredmethods="0" conditionals="0" coveredconditionals="0" statements="5" coveredstatements="0" elements="6" coveredelements="0"/>
      </file>
      <file name="C:\Users\bastien.miclo\Perso\phug-php\parser\src\Phug/Parser/TokenHandler/TagTokenHandler.php">
        <class name="TagTokenHandler" namespace="Phug\Parser\TokenHandler">
          <metrics complexity="5" methods="1" coveredmethods="1" conditionals="0" coveredconditionals="0" statements="14" coveredstatements="14" elements="15" coveredelements="15"/>
        </class>
        <line num="13" type="method" name="handleToken" visibility="public" complexity="5" crap="5" count="4"/>
        <line num="15" type="stmt" count="4"/>
        <line num="16" type="stmt" count="1"/>
        <line num="17" type="stmt" count="1"/>
        <line num="21" type="stmt" count="3"/>
        <line num="22" type="stmt" count="2"/>
        <line num="25" type="stmt" count="3"/>
        <line num="26" type="stmt" count="1"/>
        <line num="27" type="stmt" count="1"/>
        <line num="33" type="stmt" count="2"/>
        <line num="35" type="stmt" count="2"/>
        <line num="36" type="stmt" count="1"/>
        <line num="37" type="stmt" count="1"/>
        <line num="42" type="stmt" count="2"/>
        <line num="43" type="stmt" count="2"/>
        <metrics loc="44" ncloc="43" classes="1" methods="1" coveredmethods="1" conditionals="0" coveredconditionals="0" statements="14" coveredstatements="14" elements="15" coveredelements="15"/>
      </file>
      <file name="C:\Users\bastien.miclo\Perso\phug-php\parser\src\Phug/Parser/TokenHandler/TextTokenHandler.php">
        <class name="TextTokenHandler" namespace="Phug\Parser\TokenHandler">
          <metrics complexity="3" methods="1" coveredmethods="0" conditionals="0" coveredconditionals="0" statements="11" coveredstatements="0" elements="12" coveredelements="0"/>
        </class>
        <line num="13" type="method" name="handleToken" visibility="public" complexity="3" crap="12" count="0"/>
        <line num="15" type="stmt" count="0"/>
        <line num="16" type="stmt" count="0"/>
        <line num="17" type="stmt" count="0"/>
        <line num="22" type="stmt" count="0"/>
        <line num="23" type="stmt" count="0"/>
        <line num="24" type="stmt" count="0"/>
        <line num="25" type="stmt" count="0"/>
        <line num="27" type="stmt" count="0"/>
        <line num="28" type="stmt" count="0"/>
        <line num="30" type="stmt" count="0"/>
        <line num="32" type="stmt" count="0"/>
        <metrics loc="33" ncloc="32" classes="1" methods="1" coveredmethods="0" conditionals="0" coveredconditionals="0" statements="11" coveredstatements="0" elements="12" coveredelements="0"/>
      </file>
      <file name="C:\Users\bastien.miclo\Perso\phug-php\parser\src\Phug/Parser/TokenHandler/VariableTokenHandler.php">
        <class name="VariableTokenHandler" namespace="Phug\Parser\TokenHandler">
          <metrics complexity="2" methods="1" coveredmethods="0" conditionals="0" coveredconditionals="0" statements="7" coveredstatements="0" elements="8" coveredelements="0"/>
        </class>
        <line num="13" type="method" name="handleToken" visibility="public" complexity="2" crap="6" count="0"/>
        <line num="15" type="stmt" count="0"/>
        <line num="16" type="stmt" count="0"/>
        <line num="17" type="stmt" count="0"/>
        <line num="22" type="stmt" count="0"/>
        <line num="23" type="stmt" count="0"/>
        <line num="24" type="stmt" count="0"/>
        <line num="25" type="stmt" count="0"/>
        <metrics loc="26" ncloc="25" classes="1" methods="1" coveredmethods="0" conditionals="0" coveredconditionals="0" statements="7" coveredstatements="0" elements="8" coveredelements="0"/>
      </file>
      <file name="C:\Users\bastien.miclo\Perso\phug-php\parser\src\Phug/Parser/TokenHandler/WhenTokenHandler.php">
        <class name="WhenTokenHandler" namespace="Phug\Parser\TokenHandler">
          <metrics complexity="2" methods="1" coveredmethods="0" conditionals="0" coveredconditionals="0" statements="8" coveredstatements="0" elements="9" coveredelements="0"/>
        </class>
        <line num="13" type="method" name="handleToken" visibility="public" complexity="2" crap="6" count="0"/>
        <line num="15" type="stmt" count="0"/>
        <line num="16" type="stmt" count="0"/>
        <line num="17" type="stmt" count="0"/>
        <line num="22" type="stmt" count="0"/>
        <line num="23" type="stmt" count="0"/>
        <line num="24" type="stmt" count="0"/>
        <line num="25" type="stmt" count="0"/>
        <line num="26" type="stmt" count="0"/>
        <metrics loc="27" ncloc="26" classes="1" methods="1" coveredmethods="0" conditionals="0" coveredconditionals="0" statements="8" coveredstatements="0" elements="9" coveredelements="0"/>
      </file>
      <file name="C:\Users\bastien.miclo\Perso\phug-php\parser\src\Phug/Parser/TokenHandler/WhileTokenHandler.php">
        <class name="WhileTokenHandler" namespace="Phug\Parser\TokenHandler">
          <metrics complexity="2" methods="1" coveredmethods="0" conditionals="0" coveredconditionals="0" statements="7" coveredstatements="0" elements="8" coveredelements="0"/>
        </class>
        <line num="13" type="method" name="handleToken" visibility="public" complexity="2" crap="6" count="0"/>
        <line num="15" type="stmt" count="0"/>
        <line num="16" type="stmt" count="0"/>
        <line num="17" type="stmt" count="0"/>
        <line num="22" type="stmt" count="0"/>
        <line num="23" type="stmt" count="0"/>
        <line num="24" type="stmt" count="0"/>
        <line num="25" type="stmt" count="0"/>
        <metrics loc="26" ncloc="25" classes="1" methods="1" coveredmethods="0" conditionals="0" coveredconditionals="0" statements="7" coveredstatements="0" elements="8" coveredelements="0"/>
      </file>
    </package>
    <file name="C:\Users\bastien.miclo\Perso\phug-php\parser\src\Phug/Parser/TokenHandlerInterface.php">
      <metrics loc="10" ncloc="10" classes="0" methods="0" coveredmethods="0" conditionals="0" coveredconditionals="0" statements="0" coveredstatements="0" elements="0" coveredelements="0"/>
    </file>
    <metrics files="59" loc="2211" ncloc="1822" classes="33" methods="76" coveredmethods="49" conditionals="0" coveredconditionals="0" statements="460" coveredstatements="236" elements="536" coveredelements="285"/>
  </project>
</coverage>
